2020-08-31 14:56:13,367:train_path:starting of input function
2020-08-31 15:01:08,074:train_path:starting of input function
2020-08-31 15:01:08,074:train_path:starting of input function
2020-08-31 15:01:08,466:train_path:we got categorial column 5 and null column 49
2020-08-31 15:01:08,466:train_path:we got categorial column 5 and null column 49
2020-08-31 15:10:45,072:train_path:starting of input function
2020-08-31 15:10:45,072:train_path:starting of input function
2020-08-31 15:10:45,411:train_path:we got categorial column 5 and null column 49
2020-08-31 15:10:45,411:train_path:we got categorial column 5 and null column 49
2020-08-31 15:11:51,887:train_path:starting of input function
2020-08-31 15:11:51,887:train_path:starting of input function
2020-08-31 15:11:52,227:train_path:we got categorial column 5 and null column 49
2020-08-31 15:11:52,227:train_path:we got categorial column 5 and null column 49
2020-08-31 15:11:52,343:train_path:starting of input function
2020-08-31 15:11:52,343:train_path:starting of input function
2020-08-31 15:11:52,732:train_path:we got categorial column 5 and null column 49
2020-08-31 15:11:52,732:train_path:we got categorial column 5 and null column 49
2020-08-31 15:14:53,314:train_path:starting of input function
2020-08-31 15:14:53,314:train_path:starting of input function
2020-08-31 15:14:53,584:train_path:we got categorial column 5 and null column 49
2020-08-31 15:14:53,584:train_path:we got categorial column 5 and null column 49
2020-08-31 15:17:17,759:train_path:starting of input function
2020-08-31 15:17:17,759:train_path:starting of input function
2020-08-31 15:17:18,024:train_path:we got categorial column 5 and null column 49
2020-08-31 15:17:18,024:train_path:we got categorial column 5 and null column 49
2020-08-31 15:17:59,262:train_path:starting of input function
2020-08-31 15:17:59,262:train_path:starting of input function
2020-08-31 15:17:59,525:train_path:we got categorial column 5 and null column 49
2020-08-31 15:17:59,525:train_path:we got categorial column 5 and null column 49
2020-08-31 15:17:59,526:train_path:starting of pre-processing function
2020-08-31 15:17:59,526:train_path:starting of pre-processing function
2020-08-31 15:17:59,526:train_path:1st we perform handling of null data
2020-08-31 15:17:59,526:train_path:1st we perform handling of null data
2020-08-31 15:17:59,533:train_path:2nd we convert catogorial data into integer
2020-08-31 15:17:59,533:train_path:2nd we convert catogorial data into integer
2020-08-31 15:17:59,604:train_path:3rd we handle outlire 
2020-08-31 15:17:59,604:train_path:3rd we handle outlire 
2020-08-31 15:17:59,819:train_path:data preprocessing completed
2020-08-31 15:17:59,819:train_path:data preprocessing completed
2020-08-31 15:37:37,189:train_path:starting of input function
2020-08-31 15:37:37,189:train_path:starting of input function
2020-08-31 15:37:37,462:train_path:we got categorial column 5 and null column 49
2020-08-31 15:37:37,462:train_path:we got categorial column 5 and null column 49
2020-08-31 15:37:37,463:train_path:starting of pre-processing function
2020-08-31 15:37:37,463:train_path:starting of pre-processing function
2020-08-31 15:37:37,463:train_path:1st we perform handling of null data
2020-08-31 15:37:37,463:train_path:1st we perform handling of null data
2020-08-31 15:37:37,464:train_path:2nd we convert catogorial data into integer
2020-08-31 15:37:37,464:train_path:2nd we convert catogorial data into integer
2020-08-31 15:37:37,538:train_path:3rd we handle outlire 
2020-08-31 15:37:37,538:train_path:3rd we handle outlire 
2020-08-31 15:37:37,749:train_path:data preprocessing completed
2020-08-31 15:37:37,749:train_path:data preprocessing completed
2020-08-31 15:38:42,943:train_path:starting of input function
2020-08-31 15:38:42,943:train_path:starting of input function
2020-08-31 15:38:43,209:train_path:we got categorial column 5 and null column 49
2020-08-31 15:38:43,209:train_path:we got categorial column 5 and null column 49
2020-08-31 15:38:43,210:train_path:starting of pre-processing function
2020-08-31 15:38:43,210:train_path:starting of pre-processing function
2020-08-31 15:38:43,210:train_path:1st we perform handling of null data
2020-08-31 15:38:43,210:train_path:1st we perform handling of null data
2020-08-31 15:38:43,212:train_path:2nd we convert catogorial data into integer
2020-08-31 15:38:43,212:train_path:2nd we convert catogorial data into integer
2020-08-31 15:38:43,283:train_path:3rd we handle outlire 
2020-08-31 15:38:43,283:train_path:3rd we handle outlire 
2020-08-31 15:38:43,494:train_path:data preprocessing completed
2020-08-31 15:38:43,494:train_path:data preprocessing completed
2020-08-31 15:39:46,322:train_path:starting of input function
2020-08-31 15:39:46,322:train_path:starting of input function
2020-08-31 15:39:46,322:train_path:starting of input function
2020-08-31 15:39:46,589:train_path:we got categorial column 5 and null column 49
2020-08-31 15:39:46,589:train_path:we got categorial column 5 and null column 49
2020-08-31 15:39:46,589:train_path:we got categorial column 5 and null column 49
2020-08-31 15:39:46,589:train_path:starting of pre-processing function
2020-08-31 15:39:46,589:train_path:starting of pre-processing function
2020-08-31 15:39:46,589:train_path:starting of pre-processing function
2020-08-31 15:39:46,590:train_path:1st we perform handling of null data
2020-08-31 15:39:46,590:train_path:1st we perform handling of null data
2020-08-31 15:39:46,590:train_path:1st we perform handling of null data
2020-08-31 15:39:46,591:train_path:2nd we convert catogorial data into integer
2020-08-31 15:39:46,591:train_path:2nd we convert catogorial data into integer
2020-08-31 15:39:46,591:train_path:2nd we convert catogorial data into integer
2020-08-31 15:39:46,662:train_path:3rd we handle outlire 
2020-08-31 15:39:46,662:train_path:3rd we handle outlire 
2020-08-31 15:39:46,662:train_path:3rd we handle outlire 
2020-08-31 15:39:46,879:train_path:data preprocessing completed
2020-08-31 15:39:46,879:train_path:data preprocessing completed
2020-08-31 15:39:46,879:train_path:data preprocessing completed
2020-08-31 15:39:46,880:train_path:model creation part started
2020-08-31 15:39:46,880:train_path:model creation part started
2020-08-31 15:39:46,880:train_path:model creation part started
2020-08-31 15:39:46,880:train_path:model creation part started
2020-08-31 15:39:46,896:train_path:model for DecisionTreeClassifier is created
2020-08-31 15:39:46,896:train_path:model for DecisionTreeClassifier is created
2020-08-31 15:39:46,896:train_path:model for DecisionTreeClassifier is created
2020-08-31 15:39:46,896:train_path:model for DecisionTreeClassifier is created
2020-08-31 15:42:21,935:train_path:starting of input function
2020-08-31 15:42:21,935:train_path:starting of input function
2020-08-31 15:42:21,935:train_path:starting of input function
2020-08-31 15:42:21,935:train_path:starting of input function
2020-08-31 15:42:22,222:train_path:we got categorial column 5 and null column 98
2020-08-31 15:42:22,222:train_path:we got categorial column 5 and null column 98
2020-08-31 15:42:22,222:train_path:we got categorial column 5 and null column 98
2020-08-31 15:42:22,222:train_path:we got categorial column 5 and null column 98
2020-08-31 15:42:22,223:train_path:starting of pre-processing function
2020-08-31 15:42:22,223:train_path:starting of pre-processing function
2020-08-31 15:42:22,223:train_path:starting of pre-processing function
2020-08-31 15:42:22,223:train_path:starting of pre-processing function
2020-08-31 15:42:22,223:train_path:1st we perform handling of null data
2020-08-31 15:42:22,223:train_path:1st we perform handling of null data
2020-08-31 15:42:22,223:train_path:1st we perform handling of null data
2020-08-31 15:42:22,223:train_path:1st we perform handling of null data
2020-08-31 15:42:22,224:train_path:2nd we convert catogorial data into integer
2020-08-31 15:42:22,224:train_path:2nd we convert catogorial data into integer
2020-08-31 15:42:22,224:train_path:2nd we convert catogorial data into integer
2020-08-31 15:42:22,224:train_path:2nd we convert catogorial data into integer
2020-08-31 15:42:22,299:train_path:3rd we handle outlire 
2020-08-31 15:42:22,299:train_path:3rd we handle outlire 
2020-08-31 15:42:22,299:train_path:3rd we handle outlire 
2020-08-31 15:42:22,299:train_path:3rd we handle outlire 
2020-08-31 15:42:22,515:train_path:data preprocessing completed
2020-08-31 15:42:22,515:train_path:data preprocessing completed
2020-08-31 15:42:22,515:train_path:data preprocessing completed
2020-08-31 15:42:22,515:train_path:data preprocessing completed
2020-08-31 15:42:22,545:train_path:starting of input function
2020-08-31 15:42:22,545:train_path:starting of input function
2020-08-31 15:42:22,545:train_path:starting of input function
2020-08-31 15:42:22,545:train_path:starting of input function
2020-08-31 15:42:22,810:train_path:we got categorial column 5 and null column 49
2020-08-31 15:42:22,810:train_path:we got categorial column 5 and null column 49
2020-08-31 15:42:22,810:train_path:we got categorial column 5 and null column 49
2020-08-31 15:42:22,810:train_path:we got categorial column 5 and null column 49
2020-08-31 15:42:22,811:train_path:starting of pre-processing function
2020-08-31 15:42:22,811:train_path:starting of pre-processing function
2020-08-31 15:42:22,811:train_path:starting of pre-processing function
2020-08-31 15:42:22,811:train_path:starting of pre-processing function
2020-08-31 15:42:22,812:train_path:1st we perform handling of null data
2020-08-31 15:42:22,812:train_path:1st we perform handling of null data
2020-08-31 15:42:22,812:train_path:1st we perform handling of null data
2020-08-31 15:42:22,812:train_path:1st we perform handling of null data
2020-08-31 15:42:22,813:train_path:2nd we convert catogorial data into integer
2020-08-31 15:42:22,813:train_path:2nd we convert catogorial data into integer
2020-08-31 15:42:22,813:train_path:2nd we convert catogorial data into integer
2020-08-31 15:42:22,813:train_path:2nd we convert catogorial data into integer
2020-08-31 15:42:22,883:train_path:3rd we handle outlire 
2020-08-31 15:42:22,883:train_path:3rd we handle outlire 
2020-08-31 15:42:22,883:train_path:3rd we handle outlire 
2020-08-31 15:42:22,883:train_path:3rd we handle outlire 
2020-08-31 15:42:23,089:train_path:data preprocessing completed
2020-08-31 15:42:23,089:train_path:data preprocessing completed
2020-08-31 15:42:23,089:train_path:data preprocessing completed
2020-08-31 15:42:23,089:train_path:data preprocessing completed
2020-08-31 15:43:35,595:train_path:starting of input function
2020-08-31 15:43:35,595:train_path:starting of input function
2020-08-31 15:43:35,595:train_path:starting of input function
2020-08-31 15:43:35,595:train_path:starting of input function
2020-08-31 15:43:35,869:train_path:we got categorial column 5 and null column 49
2020-08-31 15:43:35,869:train_path:we got categorial column 5 and null column 49
2020-08-31 15:43:35,869:train_path:we got categorial column 5 and null column 49
2020-08-31 15:43:35,869:train_path:we got categorial column 5 and null column 49
2020-08-31 15:43:35,870:train_path:starting of pre-processing function
2020-08-31 15:43:35,870:train_path:starting of pre-processing function
2020-08-31 15:43:35,870:train_path:starting of pre-processing function
2020-08-31 15:43:35,870:train_path:starting of pre-processing function
2020-08-31 15:43:35,871:train_path:1st we perform handling of null data
2020-08-31 15:43:35,871:train_path:1st we perform handling of null data
2020-08-31 15:43:35,871:train_path:1st we perform handling of null data
2020-08-31 15:43:35,871:train_path:1st we perform handling of null data
2020-08-31 15:43:35,872:train_path:2nd we convert catogorial data into integer
2020-08-31 15:43:35,872:train_path:2nd we convert catogorial data into integer
2020-08-31 15:43:35,872:train_path:2nd we convert catogorial data into integer
2020-08-31 15:43:35,872:train_path:2nd we convert catogorial data into integer
2020-08-31 15:43:35,947:train_path:3rd we handle outlire 
2020-08-31 15:43:35,947:train_path:3rd we handle outlire 
2020-08-31 15:43:35,947:train_path:3rd we handle outlire 
2020-08-31 15:43:35,947:train_path:3rd we handle outlire 
2020-08-31 15:43:36,155:train_path:data preprocessing completed
2020-08-31 15:43:36,155:train_path:data preprocessing completed
2020-08-31 15:43:36,155:train_path:data preprocessing completed
2020-08-31 15:43:36,155:train_path:data preprocessing completed
2020-08-31 15:51:28,664:train_path:model creation part started
2020-08-31 15:51:28,670:train_path:model for DecisionTreeClassifier is created
